{"level":"info","message":"Logging levels set to debug","timestamp":"2016-07-21T00:00:23.221Z"}
{"level":"info","message":"Listening on: http://localhost:3000","timestamp":"2016-07-21T00:00:23.295Z"}
{"level":"info","message":"Logging levels set to debug","timestamp":"2016-07-21T00:06:33.718Z"}
{"level":"info","message":"Listening on: http://localhost:3000","timestamp":"2016-07-21T00:06:33.789Z"}
{"level":"info","message":"Logging levels set to debug","timestamp":"2016-07-21T00:20:54.627Z"}
{"level":"info","message":"Listening on: http://localhost:3000","timestamp":"2016-07-21T00:20:54.696Z"}
{"level":"info","message":"Logging levels set to debug","timestamp":"2016-07-21T00:20:58.133Z"}
{"level":"info","message":"Listening on: http://localhost:3000","timestamp":"2016-07-21T00:20:58.202Z"}
{"level":"info","message":"Logging levels set to debug","timestamp":"2016-07-21T00:22:34.872Z"}
{"level":"info","message":"Listening on: http://localhost:3000","timestamp":"2016-07-21T00:22:34.941Z"}
{"level":"info","message":"Fetching latest hot shit for today ... ","timestamp":"2016-07-21T00:22:46.417Z"}
{"level":"debug","message":"db execution complete of: [object Object]","timestamp":"2016-07-21T00:22:46.771Z"}
{"level":"info","message":"Fetching latest hot shit for today ... ","timestamp":"2016-07-21T00:22:48.123Z"}
{"level":"debug","message":"db execution complete of: [object Object]","timestamp":"2016-07-21T00:22:48.182Z"}
{"level":"info","message":"Logging levels set to debug","timestamp":"2016-07-21T00:24:50.187Z"}
{"level":"info","message":"Listening on: http://localhost:3000","timestamp":"2016-07-21T00:24:50.270Z"}
{"level":"info","message":"Fetching latest hot shit for today ... ","timestamp":"2016-07-21T00:24:54.564Z"}
{"level":"debug","message":"db execution complete for: {\"text\":\"select array_to_json(array_agg(payload)) as aggpayload from tha_hot_shit where date = (select max(date) from tha_hot_shit);\",\"mask\":\"object\"}","timestamp":"2016-07-21T00:24:54.729Z"}
{"level":"info","message":"Fetching latest hot shit for today ... ","timestamp":"2016-07-21T00:24:56.106Z"}
{"level":"debug","message":"db execution complete for: {\"text\":\"select array_to_json(array_agg(payload)) as aggpayload from tha_hot_shit where date = (select max(date) from tha_hot_shit);\",\"mask\":\"object\"}","timestamp":"2016-07-21T00:24:56.150Z"}
{"level":"info","message":"Logging levels set to debug","timestamp":"2016-07-21T00:26:30.496Z"}
{"level":"info","message":"Listening on: http://localhost:3000","timestamp":"2016-07-21T00:26:30.574Z"}
{"level":"info","message":"Logging levels set to debug","timestamp":"2016-07-21T00:26:53.352Z"}
{"level":"info","message":"Listening on: http://localhost:3000","timestamp":"2016-07-21T00:26:53.423Z"}
{"level":"info","message":"Logging levels set to debug","timestamp":"2016-07-21T00:27:51.442Z"}
{"level":"info","message":"Listening on: http://localhost:3000","timestamp":"2016-07-21T00:27:51.518Z"}
{"level":"info","message":"Fetching latest hot shit for today ... ","timestamp":"2016-07-21T00:27:54.945Z"}
{"level":"debug","message":"db execution complete for: {\"text\":\"select array_to_json(array_agg(payload)) as aggpayload from tha_hot_shit where date = (select max(date) from tha_hot_shit);\",\"mask\":\"object\"}","timestamp":"2016-07-21T00:27:55.133Z"}
{"level":"info","message":"Fetching latest hot shit for today ... ","timestamp":"2016-07-21T00:27:56.491Z"}
{"level":"debug","message":"db execution complete for: {\"text\":\"select array_to_json(array_agg(payload)) as aggpayload from tha_hot_shit where date = (select max(date) from tha_hot_shit);\",\"mask\":\"object\"}","timestamp":"2016-07-21T00:27:56.542Z"}
{"level":"info","message":"Logging levels set to debug","timestamp":"2016-07-21T00:28:16.594Z"}
{"level":"info","message":"Listening on: http://localhost:3000","timestamp":"2016-07-21T00:28:16.661Z"}
{"level":"info","message":"Fetching latest hot shit for today ... ","timestamp":"2016-07-21T00:28:24.578Z"}
{"level":"debug","message":"db execution complete for: {\"text\":\"select array_to_json(array_agg(payload)) as aggpayload from tha_hot_shit where date = (select max(date) from tha_hot_shit);\",\"mask\":\"object\"}","timestamp":"2016-07-21T00:28:24.735Z"}
{"level":"info","message":"Fetching latest hot shit for today ... ","timestamp":"2016-07-21T00:28:26.180Z"}
{"level":"debug","message":"db execution complete for: {\"text\":\"select array_to_json(array_agg(payload)) as aggpayload from tha_hot_shit where date = (select max(date) from tha_hot_shit);\",\"mask\":\"object\"}","timestamp":"2016-07-21T00:28:26.233Z"}
{"level":"info","message":"Logging levels set to debug","timestamp":"2016-07-21T00:29:05.384Z"}
{"level":"info","message":"Listening on: http://localhost:3000","timestamp":"2016-07-21T00:29:05.453Z"}
{"level":"info","message":"Fetching latest hot shit for today ... ","timestamp":"2016-07-21T00:29:09.362Z"}
{"level":"debug","message":"db execution complete for: {\"text\":\"select array_to_json(array_agg(payload)) as aggpayload from tha_hot_shit where date = (select max(date) from tha_hot_shit);\",\"mask\":\"object\"}","timestamp":"2016-07-21T00:29:09.567Z"}
{"level":"info","message":"Fetching latest hot shit for today ... ","timestamp":"2016-07-21T00:29:11.285Z"}
{"level":"debug","message":"db execution complete for: {\"text\":\"select array_to_json(array_agg(payload)) as aggpayload from tha_hot_shit where date = (select max(date) from tha_hot_shit);\",\"mask\":\"object\"}","timestamp":"2016-07-21T00:29:11.378Z"}
{"level":"info","message":"Fetching latest hot shit for today ... ","timestamp":"2016-07-21T00:29:15.625Z"}
{"level":"debug","message":"db execution complete for: {\"text\":\"select array_to_json(array_agg(payload)) as aggpayload from tha_hot_shit where date = (select max(date) from tha_hot_shit);\",\"mask\":\"object\"}","timestamp":"2016-07-21T00:29:15.665Z"}
{"level":"info","message":"Fetching latest hot shit for today ... ","timestamp":"2016-07-21T00:29:17.054Z"}
{"level":"debug","message":"db execution complete for: {\"text\":\"select array_to_json(array_agg(payload)) as aggpayload from tha_hot_shit where date = (select max(date) from tha_hot_shit);\",\"mask\":\"object\"}","timestamp":"2016-07-21T00:29:17.105Z"}
{"level":"info","message":"Logging levels set to debug","timestamp":"2016-07-21T00:29:28.062Z"}
{"level":"info","message":"Listening on: http://localhost:3000","timestamp":"2016-07-21T00:29:28.135Z"}
{"level":"info","message":"Fetching latest hot shit for today ... ","timestamp":"2016-07-21T00:29:31.885Z"}
{"level":"debug","message":"db execution complete for: {\"text\":\"select array_to_json(array_agg(payload)) as aggpayload from tha_hot_shit where date = (select max(date) from tha_hot_shit);\",\"mask\":\"object\"}","timestamp":"2016-07-21T00:29:32.072Z"}
{"level":"info","message":"Fetching latest hot shit for today ... ","timestamp":"2016-07-21T00:29:33.514Z"}
{"level":"debug","message":"db execution complete for: {\"text\":\"select array_to_json(array_agg(payload)) as aggpayload from tha_hot_shit where date = (select max(date) from tha_hot_shit);\",\"mask\":\"object\"}","timestamp":"2016-07-21T00:29:33.566Z"}
{"level":"info","message":"Fetching latest hot shit for today ... ","timestamp":"2016-07-21T00:29:34.916Z"}
{"level":"debug","message":"db execution complete for: {\"text\":\"select array_to_json(array_agg(payload)) as aggpayload from tha_hot_shit where date = (select max(date) from tha_hot_shit);\",\"mask\":\"object\"}","timestamp":"2016-07-21T00:29:34.981Z"}
{"level":"info","message":"Fetching latest hot shit for today ... ","timestamp":"2016-07-21T00:29:36.343Z"}
{"level":"debug","message":"db execution complete for: {\"text\":\"select array_to_json(array_agg(payload)) as aggpayload from tha_hot_shit where date = (select max(date) from tha_hot_shit);\",\"mask\":\"object\"}","timestamp":"2016-07-21T00:29:36.385Z"}
{"level":"info","message":"Logging levels set to debug","timestamp":"2016-07-21T00:31:20.575Z"}
{"level":"info","message":"Listening on: http://localhost:3000","timestamp":"2016-07-21T00:31:20.643Z"}
{"level":"info","message":"Fetching latest hot shit for today ... ","timestamp":"2016-07-21T00:31:23.632Z"}
{"level":"debug","message":"db execution complete for: {\"text\":\"select array_to_json(array_agg(payload)) as aggpayload from tha_hot_shit where date = (select max(date) from tha_hot_shit);\",\"mask\":\"object\"}","timestamp":"2016-07-21T00:31:23.917Z"}
{"level":"info","message":"Fetching latest hot shit for today ... ","timestamp":"2016-07-21T00:31:25.429Z"}
{"level":"debug","message":"db execution complete for: {\"text\":\"select array_to_json(array_agg(payload)) as aggpayload from tha_hot_shit where date = (select max(date) from tha_hot_shit);\",\"mask\":\"object\"}","timestamp":"2016-07-21T00:31:25.496Z"}
{"level":"info","message":"Fetching latest hot shit for today ... ","timestamp":"2016-07-21T00:31:28.494Z"}
{"level":"debug","message":"db execution complete for: {\"text\":\"select array_to_json(array_agg(payload)) as aggpayload from tha_hot_shit where date = (select max(date) from tha_hot_shit);\",\"mask\":\"object\"}","timestamp":"2016-07-21T00:31:28.537Z"}
{"level":"info","message":"Fetching latest hot shit for today ... ","timestamp":"2016-07-21T00:31:29.988Z"}
{"level":"debug","message":"db execution complete for: {\"text\":\"select array_to_json(array_agg(payload)) as aggpayload from tha_hot_shit where date = (select max(date) from tha_hot_shit);\",\"mask\":\"object\"}","timestamp":"2016-07-21T00:31:30.041Z"}
{"level":"info","message":"Logging levels set to debug","timestamp":"2016-07-21T00:32:26.179Z"}
{"level":"info","message":"Listening on: http://localhost:3000","timestamp":"2016-07-21T00:32:26.245Z"}
{"level":"info","message":"Fetching latest hot shit for today ... ","timestamp":"2016-07-21T00:32:27.311Z"}
{"level":"debug","message":"db execution complete for: {\"text\":\"select array_to_json(array_agg(payload)) as aggpayload from tha_hot_shit where date = (select max(date) from tha_hot_shit);\",\"mask\":\"object\"}","timestamp":"2016-07-21T00:32:27.478Z"}
{"level":"info","message":"Fetching latest hot shit for today ... ","timestamp":"2016-07-21T00:32:29.091Z"}
{"level":"debug","message":"db execution complete for: {\"text\":\"select array_to_json(array_agg(payload)) as aggpayload from tha_hot_shit where date = (select max(date) from tha_hot_shit);\",\"mask\":\"object\"}","timestamp":"2016-07-21T00:32:29.163Z"}
{"level":"info","message":"Logging levels set to debug","timestamp":"2016-07-21T00:32:42.632Z"}
{"level":"info","message":"Listening on: http://localhost:3000","timestamp":"2016-07-21T00:32:42.710Z"}
{"level":"info","message":"Fetching latest hot shit for today ... ","timestamp":"2016-07-21T00:32:43.342Z"}
{"level":"debug","message":"db execution complete for: {\"text\":\"select array_to_json(array_agg(payload)) as aggpayload from tha_hot_shit where date = (select max(date) from tha_hot_shit);\",\"mask\":\"object\"}","timestamp":"2016-07-21T00:32:43.548Z"}
{"level":"info","message":"Fetching latest hot shit for today ... ","timestamp":"2016-07-21T00:32:45.230Z"}
{"level":"debug","message":"db execution complete for: {\"text\":\"select array_to_json(array_agg(payload)) as aggpayload from tha_hot_shit where date = (select max(date) from tha_hot_shit);\",\"mask\":\"object\"}","timestamp":"2016-07-21T00:32:45.277Z"}
